/home/ec2-user/netric/backend/refresh_db.py:24: DeprecationWarning: datetime.datetime.utcnow() is deprecated and scheduled for removal in a future version. Use timezone-aware objects to represent datetimes in UTC: datetime.datetime.now(datetime.UTC).
  "queued_at": datetime.utcnow()
✅ MongoDB connected
Queued 533 players for refresh.
✅ MongoDB connected
Queued 0 players for refresh.
✅ MongoDB connected
Queued 0 players for refresh.
✅ MongoDB connected
Queued 0 players for refresh.
✅ MongoDB connected
Queued 0 players for refresh.
✅ MongoDB connected
Queued 0 players for refresh.
MongoDB (primary) connected on attempt 1.
MongoDB (stats) connected on attempt 1.
Traceback (most recent call last):
  File "/home/ec2-user/netric/backend/venv/lib64/python3.12/site-packages/urllib3/connectionpool.py", line 534, in _make_request
    response = conn.getresponse()
               ^^^^^^^^^^^^^^^^^^
  File "/home/ec2-user/netric/backend/venv/lib64/python3.12/site-packages/urllib3/connection.py", line 571, in getresponse
    httplib_response = super().getresponse()
                       ^^^^^^^^^^^^^^^^^^^^^
  File "/usr/lib64/python3.12/http/client.py", line 1450, in getresponse
    response.begin()
  File "/usr/lib64/python3.12/http/client.py", line 336, in begin
    version, status, reason = self._read_status()
                              ^^^^^^^^^^^^^^^^^^^
  File "/usr/lib64/python3.12/http/client.py", line 297, in _read_status
    line = str(self.fp.readline(_MAXLINE + 1), "iso-8859-1")
               ^^^^^^^^^^^^^^^^^^^^^^^^^^^^^^
  File "/usr/lib64/python3.12/socket.py", line 720, in readinto
    return self._sock.recv_into(b)
           ^^^^^^^^^^^^^^^^^^^^^^^
  File "/usr/lib64/python3.12/ssl.py", line 1251, in recv_into
    return self.read(nbytes, buffer)
           ^^^^^^^^^^^^^^^^^^^^^^^^^
  File "/usr/lib64/python3.12/ssl.py", line 1103, in read
    return self._sslobj.read(len, buffer)
           ^^^^^^^^^^^^^^^^^^^^^^^^^^^^^^
TimeoutError: The read operation timed out

The above exception was the direct cause of the following exception:

Traceback (most recent call last):
  File "/home/ec2-user/netric/backend/venv/lib64/python3.12/site-packages/requests/adapters.py", line 644, in send
    resp = conn.urlopen(
           ^^^^^^^^^^^^^
  File "/home/ec2-user/netric/backend/venv/lib64/python3.12/site-packages/urllib3/connectionpool.py", line 841, in urlopen
    retries = retries.increment(
              ^^^^^^^^^^^^^^^^^^
  File "/home/ec2-user/netric/backend/venv/lib64/python3.12/site-packages/urllib3/util/retry.py", line 490, in increment
    raise reraise(type(error), error, _stacktrace)
          ^^^^^^^^^^^^^^^^^^^^^^^^^^^^^^^^^^^^^^^^
  File "/home/ec2-user/netric/backend/venv/lib64/python3.12/site-packages/urllib3/util/util.py", line 39, in reraise
    raise value
  File "/home/ec2-user/netric/backend/venv/lib64/python3.12/site-packages/urllib3/connectionpool.py", line 787, in urlopen
    response = self._make_request(
               ^^^^^^^^^^^^^^^^^^^
  File "/home/ec2-user/netric/backend/venv/lib64/python3.12/site-packages/urllib3/connectionpool.py", line 536, in _make_request
    self._raise_timeout(err=e, url=url, timeout_value=read_timeout)
  File "/home/ec2-user/netric/backend/venv/lib64/python3.12/site-packages/urllib3/connectionpool.py", line 367, in _raise_timeout
    raise ReadTimeoutError(
urllib3.exceptions.ReadTimeoutError: HTTPSConnectionPool(host='stats.nba.com', port=443): Read timed out. (read timeout=30)

During handling of the above exception, another exception occurred:

Traceback (most recent call last):
  File "/home/ec2-user/netric/backend/refresh_db.py", line 124, in <module>
    refresh_all_players()
  File "/home/ec2-user/netric/backend/refresh_db.py", line 86, in refresh_all_players
    tracked_players = get_tracked_players()
                      ^^^^^^^^^^^^^^^^^^^^^
  File "/home/ec2-user/netric/backend/services/player_pool.py", line 53, in get_tracked_players
    for player in get_active_players_for_season(previous_season_id):
                  ^^^^^^^^^^^^^^^^^^^^^^^^^^^^^^^^^^^^^^^^^^^^^^^^^
  File "/home/ec2-user/netric/backend/services/player_pool.py", line 23, in get_active_players_for_season
    season_players = commonallplayers.CommonAllPlayers(
                     ^^^^^^^^^^^^^^^^^^^^^^^^^^^^^^^^^^
  File "/home/ec2-user/netric/backend/venv/lib64/python3.12/site-packages/nba_api/stats/endpoints/commonallplayers.py", line 55, in __init__
    self.get_request()
  File "/home/ec2-user/netric/backend/venv/lib64/python3.12/site-packages/nba_api/stats/endpoints/commonallplayers.py", line 58, in get_request
    self.nba_response = NBAStatsHTTP().send_api_request(
                        ^^^^^^^^^^^^^^^^^^^^^^^^^^^^^^^^
  File "/home/ec2-user/netric/backend/venv/lib64/python3.12/site-packages/nba_api/library/http.py", line 160, in send_api_request
    response = self.get_session().get(
               ^^^^^^^^^^^^^^^^^^^^^^^
  File "/home/ec2-user/netric/backend/venv/lib64/python3.12/site-packages/requests/sessions.py", line 602, in get
    return self.request("GET", url, **kwargs)
           ^^^^^^^^^^^^^^^^^^^^^^^^^^^^^^^^^^
  File "/home/ec2-user/netric/backend/venv/lib64/python3.12/site-packages/requests/sessions.py", line 589, in request
    resp = self.send(prep, **send_kwargs)
           ^^^^^^^^^^^^^^^^^^^^^^^^^^^^^^
  File "/home/ec2-user/netric/backend/venv/lib64/python3.12/site-packages/requests/sessions.py", line 703, in send
    r = adapter.send(request, **kwargs)
        ^^^^^^^^^^^^^^^^^^^^^^^^^^^^^^^
  File "/home/ec2-user/netric/backend/venv/lib64/python3.12/site-packages/requests/adapters.py", line 690, in send
    raise ReadTimeout(e, request=request)
requests.exceptions.ReadTimeout: HTTPSConnectionPool(host='stats.nba.com', port=443): Read timed out. (read timeout=30)
MongoDB (primary) connected on attempt 1.
MongoDB (stats) connected on attempt 1.
Traceback (most recent call last):
  File "/home/ec2-user/netric/backend/venv/lib64/python3.12/site-packages/urllib3/connectionpool.py", line 534, in _make_request
    response = conn.getresponse()
               ^^^^^^^^^^^^^^^^^^
  File "/home/ec2-user/netric/backend/venv/lib64/python3.12/site-packages/urllib3/connection.py", line 571, in getresponse
    httplib_response = super().getresponse()
                       ^^^^^^^^^^^^^^^^^^^^^
  File "/usr/lib64/python3.12/http/client.py", line 1450, in getresponse
    response.begin()
  File "/usr/lib64/python3.12/http/client.py", line 336, in begin
    version, status, reason = self._read_status()
                              ^^^^^^^^^^^^^^^^^^^
  File "/usr/lib64/python3.12/http/client.py", line 297, in _read_status
    line = str(self.fp.readline(_MAXLINE + 1), "iso-8859-1")
               ^^^^^^^^^^^^^^^^^^^^^^^^^^^^^^
  File "/usr/lib64/python3.12/socket.py", line 720, in readinto
    return self._sock.recv_into(b)
           ^^^^^^^^^^^^^^^^^^^^^^^
  File "/usr/lib64/python3.12/ssl.py", line 1251, in recv_into
    return self.read(nbytes, buffer)
           ^^^^^^^^^^^^^^^^^^^^^^^^^
  File "/usr/lib64/python3.12/ssl.py", line 1103, in read
    return self._sslobj.read(len, buffer)
           ^^^^^^^^^^^^^^^^^^^^^^^^^^^^^^
TimeoutError: The read operation timed out

The above exception was the direct cause of the following exception:

Traceback (most recent call last):
  File "/home/ec2-user/netric/backend/venv/lib64/python3.12/site-packages/requests/adapters.py", line 644, in send
    resp = conn.urlopen(
           ^^^^^^^^^^^^^
  File "/home/ec2-user/netric/backend/venv/lib64/python3.12/site-packages/urllib3/connectionpool.py", line 841, in urlopen
    retries = retries.increment(
              ^^^^^^^^^^^^^^^^^^
  File "/home/ec2-user/netric/backend/venv/lib64/python3.12/site-packages/urllib3/util/retry.py", line 490, in increment
    raise reraise(type(error), error, _stacktrace)
          ^^^^^^^^^^^^^^^^^^^^^^^^^^^^^^^^^^^^^^^^
  File "/home/ec2-user/netric/backend/venv/lib64/python3.12/site-packages/urllib3/util/util.py", line 39, in reraise
    raise value
  File "/home/ec2-user/netric/backend/venv/lib64/python3.12/site-packages/urllib3/connectionpool.py", line 787, in urlopen
    response = self._make_request(
               ^^^^^^^^^^^^^^^^^^^
  File "/home/ec2-user/netric/backend/venv/lib64/python3.12/site-packages/urllib3/connectionpool.py", line 536, in _make_request
    self._raise_timeout(err=e, url=url, timeout_value=read_timeout)
  File "/home/ec2-user/netric/backend/venv/lib64/python3.12/site-packages/urllib3/connectionpool.py", line 367, in _raise_timeout
    raise ReadTimeoutError(
urllib3.exceptions.ReadTimeoutError: HTTPSConnectionPool(host='stats.nba.com', port=443): Read timed out. (read timeout=30)

During handling of the above exception, another exception occurred:

Traceback (most recent call last):
  File "/home/ec2-user/netric/backend/refresh_db.py", line 124, in <module>
    refresh_all_players()
  File "/home/ec2-user/netric/backend/refresh_db.py", line 86, in refresh_all_players
    tracked_players = get_tracked_players()
                      ^^^^^^^^^^^^^^^^^^^^^
  File "/home/ec2-user/netric/backend/services/player_pool.py", line 53, in get_tracked_players
    for player in get_active_players_for_season(previous_season_id):
                  ^^^^^^^^^^^^^^^^^^^^^^^^^^^^^^^^^^^^^^^^^^^^^^^^^
  File "/home/ec2-user/netric/backend/services/player_pool.py", line 23, in get_active_players_for_season
    season_players = commonallplayers.CommonAllPlayers(
                     ^^^^^^^^^^^^^^^^^^^^^^^^^^^^^^^^^^
  File "/home/ec2-user/netric/backend/venv/lib64/python3.12/site-packages/nba_api/stats/endpoints/commonallplayers.py", line 55, in __init__
    self.get_request()
  File "/home/ec2-user/netric/backend/venv/lib64/python3.12/site-packages/nba_api/stats/endpoints/commonallplayers.py", line 58, in get_request
    self.nba_response = NBAStatsHTTP().send_api_request(
                        ^^^^^^^^^^^^^^^^^^^^^^^^^^^^^^^^
  File "/home/ec2-user/netric/backend/venv/lib64/python3.12/site-packages/nba_api/library/http.py", line 160, in send_api_request
    response = self.get_session().get(
               ^^^^^^^^^^^^^^^^^^^^^^^
  File "/home/ec2-user/netric/backend/venv/lib64/python3.12/site-packages/requests/sessions.py", line 602, in get
    return self.request("GET", url, **kwargs)
           ^^^^^^^^^^^^^^^^^^^^^^^^^^^^^^^^^^
  File "/home/ec2-user/netric/backend/venv/lib64/python3.12/site-packages/requests/sessions.py", line 589, in request
    resp = self.send(prep, **send_kwargs)
           ^^^^^^^^^^^^^^^^^^^^^^^^^^^^^^
  File "/home/ec2-user/netric/backend/venv/lib64/python3.12/site-packages/requests/sessions.py", line 703, in send
    r = adapter.send(request, **kwargs)
        ^^^^^^^^^^^^^^^^^^^^^^^^^^^^^^^
  File "/home/ec2-user/netric/backend/venv/lib64/python3.12/site-packages/requests/adapters.py", line 690, in send
    raise ReadTimeout(e, request=request)
requests.exceptions.ReadTimeout: HTTPSConnectionPool(host='stats.nba.com', port=443): Read timed out. (read timeout=30)
