MongoDB (primary) connected on attempt 1.
MongoDB (stats) connected on attempt 1.
Queued: Ace Bailey
Queued: LaMelo Ball
Queued: Lonzo Ball
Queued: Paolo Banchero
Queued: Desmond Bane
Queued: Dominick Barlow
Queued: Harrison Barnes
Queued: Scottie Barnes
Queued: Brooks Barnhizer
Queued: RJ Barrett
Queued: Charles Bassey
Queued: Tamar Bates
Queued: Jamison Battle
Queued: Nicolas Batum
Queued: Bradley Beal
Queued: Joan Beringer
Queued: Saddiq Bey
Queued: Goga Bitadze
Queued: Bismack Biyombo
Queued: Anthony Black
Queued: Bogdan Bogdanović
Queued: Adem Bona
Queued: Devin Booker
Queued: Chris Boucher
Queued: Tony Bradley
Queued: Malaki Branham
Queued: Christian Braun
Queued: Koby Brea
Queued: Mikal Bridges
Queued: Miles Bridges
Queued: Dillon Brooks
Queued: Johni Broome
Queued: Bruce Brown
Queued: Jaylen Brown
Queued: Kobe Brown
Queued: Jalen Brunson
Queued: Carter Bryant
Queued: Thomas Bryant
Queued: Jimmy Butler III
Queued: Matas Buzelis
Queued: Jamal Cain
Queued: Kentavious Caldwell-Pope
Queued: Toumani Camara
Queued: Clint Capela
Queued: Dylan Cardwell
Queued: Branden Carlson
Queued: Bub Carrington
Queued: Devin Carter
Queued: Jevon Carter
Queued: Wendell Carter Jr.
Queued: Alex Caruso
Queued: Stephon Castle
Queued: Colin Castleton
Queued: Julian Champagnie
Queued: Justin Champagnie
Queued: Cam Christie
Queued: Max Christie
Queued: Moussa Cisse
Queued: Sidy Cissoko
Queued: Jaylen Clark
Queued: Brandon Clarke
Queued: Jordan Clarkson
Queued: Nic Claxton
Queued: Walter Clayton Jr.
Queued: Nique Clifford
Queued: Donovan Clingan
Queued: Noah Clowney
Queued: Amir Coffey
Queued: Isaiah Collier
Queued: John Collins
Queued: Zach Collins
Queued: Mike Conley
Queued: Pat Connaughton
Queued: Javonte Cooke
Queued: Sharife Cooper
Queued: Bilal Coulibaly
Queued: Cedric Coward
Queued: Isaiah Crawford
Queued: Cade Cunningham
Queued: Stephen Curry
Queued: Pacôme Dadiet
Queued: Dyson Daniels
Queued: N'Faly Dante
Queued: Anthony Davis
Queued: JD Davison
Queued: DeMar DeRozan
Queued: RayJ Dennis
Queued: Donte DiVincenzo
Queued: Moussa Diabaté
Queued: Mohamed Diawara
Queued: Gradey Dick
Queued: Hunter Dickinson
Queued: Ousmane Dieng
Queued: Rob Dillingham
Queued: Luka Dončić
Queued: Luguentz Dort
Queued: Ayo Dosunmu
Queued: Andre Drummond
Queued: Kris Dunn
Queued: Ryan Dunn
Queued: Kevin Durant
Queued: Jalen Duren
Queued: Egor Dëmin
Queued: Tari Eason
Queued: Zach Edey
Queued: VJ Edgecombe
Queued: Anthony Edwards
Queued: Justin Edwards
Queued: Keon Ellis
Queued: Joel Embiid
Queued: Noa Essengue
Queued: Tyson Etienne
Queued: Drew Eubanks
Queued: Tosan Evbuomwan
Queued: Danté Exum
Queued: Jeremiah Fears
Queued: Kyle Filipowski
Queued: Dorian Finney-Smith
Queued: Cooper Flagg
Queued: Rasheer Fleming
Queued: Trentyn Flowers
Queued: Simone Fontecchio
Queued: De'Aaron Fox
Queued: Enrique Freeman
Queued: Johnny Furphy
Queued: Daniel Gafford
Queued: Myron Gardner
Queued: Darius Garland
Queued: Luka Garza
Queued: Keyonte George
Queued: Kyshawn George
Queued: Paul George
Queued: Josh Giddey
Queued: Shai Gilgeous-Alexander
Queued: Anthony Gill
Queued: Collin Gillespie
Queued: Rudy Gobert
Queued: Vladislav Goldin
Queued: Hugo González
Queued: Jordan Goodwin
Queued: Aaron Gordon
Queued: Eric Gordon
Queued: Jerami Grant
Queued: AJ Green
Queued: Draymond Green
Queued: Jalen Green
Queued: Javonte Green
Queued: Jeff Green
Queued: Josh Green
Queued: Quentin Grimes
Queued: Mouhamed Gueye
Queued: Rui Hachimura
Queued: Tyrese Haliburton
Queued: PJ Hall
Queued: Tim Hardaway Jr.
Queued: James Harden
Queued: Jaden Hardy
Queued: Elijah Harkless
Queued: Dylan Harper
Queued: Ron Harper Jr.
Queued: Gary Harris
Queued: Kevon Harris
Queued: Tobias Harris
Queued: Josh Hart
Queued: Isaiah Hartenstein
Queued: Sam Hauser
Queued: Jordan Hawkins
Queued: Jaxson Hayes
Queued: Nigel Hayes-Davis
Queued: Scoot Henderson
Queued: Taylor Hendricks
Queued: Chucky Hepburn
Queued: Tyler Herro
Queued: Buddy Hield
Queued: Haywood Highsmith
Queued: Aaron Holiday
Queued: Jrue Holiday
Queued: Ronald Holland II
Queued: DaRon Holmes II
Queued: Chet Holmgren
Queued: Al Horford
Queued: Caleb Houstan
Queued: Jett Howard
Queued: Kevin Huerter
Queued: Jay Huff
Queued: Ariel Hukporti
Queued: De'Andre Hunter
Queued: CJ Huntley
Queued: Bones Hyland
Queued: Oso Ighodaro
Queued: Joe Ingles
Queued: Brandon Ingram
Queued: Harrison Ingram
Queued: Kyrie Irving
Queued: Jonathan Isaac
Queued: Jaden Ivey
Queued: GG Jackson
Queued: Isaiah Jackson
Queued: Quenton Jackson
Queued: Andre Jackson Jr.
Queued: Jaren Jackson Jr.
Queued: Trayce Jackson-Davis
Queued: Kasparas Jakučionis
Queued: Bronny James
Queued: LeBron James
Queued: Sion James
Queued: Jaime Jaquez Jr.
Queued: Trey Jemison III
Queued: Daniss Jenkins
Queued: Ty Jerome
Queued: Isaiah Joe
Queued: AJ Johnson
Queued: Cameron Johnson
Queued: Jalen Johnson
Queued: Keldon Johnson
Queued: Keshad Johnson
Queued: Tre Johnson
Queued: Nikola Jokić
Queued: Colby Jones
Queued: Curtis Jones
Queued: Herbert Jones
Queued: Isaac Jones
Queued: Kam Jones
Queued: Spencer Jones
Queued: Tre Jones
Queued: Tyus Jones
Queued: David Jones Garcia
Queued: Derrick Jones Jr.
Queued: DeAndre Jordan
Queued: Nikola Jović
Queued: Johnny Juzang
Queued: Ryan Kalkbrenner
Queued: Miles Kelly
Queued: Luke Kennard
Queued: Walker Kessler
Queued: Corey Kispert
Queued: Maxi Kleber
Queued: Bobi Klintman
Queued: Dalton Knecht
Queued: Kon Knueppel
Queued: Tyler Kolek
Queued: Christian Koloko
Queued: John Konchar
Queued: Luke Kornet
Queued: Vít Krejčí
Queued: Jonathan Kuminga
Queued: Kyle Kuzma
Queued: Jake LaRavia
Queued: Zach LaVine
Queued: Jock Landale
Queued: Chaz Lanier
Queued: Pelle Larsson
Queued: A.J. Lawson
Queued: Caris LeVert
Queued: Kawhi Leonard
Queued: E.J. Liddell
Queued: Damian Lillard
Queued: Dereck Lively II
Queued: Isaiah Livers
Queued: Chris Livingston
Queued: Kevon Looney
Queued: Brook Lopez
Queued: Caleb Love
Queued: Kevin Love
Queued: Kyle Lowry
Queued: Khaman Maluach
Queued: Sandro Mamukelashvili
Queued: Terance Mann
Queued: Tre Mann
Queued: Lauri Markkanen
Queued: Naji Marshall
Queued: Alijah Martin
Queued: Caleb Martin
Queued: Cody Martin
Queued: Tyrese Martin
Queued: Bennedict Mathurin
Queued: Karlo Matković
Queued: Tyrese Maxey
Queued: Chris Mañon
Queued: Miles McBride
Queued: Jared McCain
Queued: Mac McClung
Queued: CJ McCollum
Queued: T.J. McConnell
Queued: Kevin McCullar Jr.
Queued: Jaden McDaniels
Queued: Doug McDermott
Queued: Bryce McGowens
Queued: Jordan McLaughlin
Queued: Liam McNeeley
Queued: De'Anthony Melton
Queued: Sam Merrill
Queued: Khris Middleton
Queued: Brandon Miller
Queued: Emanuel Miller
Queued: Jordan Miller
Queued: Leonard Miller
Queued: Riley Minix
Queued: Josh Minott
Queued: Yves Missi
Queued: Ajay Mitchell
Queued: Davion Mitchell
Queued: Donovan Mitchell
Queued: Evan Mobley
Queued: Jonathan Mogbo
Queued: Malik Monk
Queued: Moses Moody
Queued: Wendell Moore Jr.
Queued: Ja Morant
Queued: Monté Morris
Queued: Trey Murphy III
Queued: Dejounte Murray
Queued: Jamal Murray
Queued: Keegan Murray
Queued: Kris Murray
Queued: Collin Murray-Boyles
Queued: Svi Mykhailiuk
Queued: Pete Nance
Queued: Larry Nance Jr.
Queued: Eli John Ndiaye
Queued: Andrew Nembhard
Queued: Ryan Nembhard
Queued: Aaron Nesmith
Queued: Asa Newell
Queued: Georges Niang
Queued: Yanic Konan Niederhäuser
Queued: Zeke Nnaji
Queued: Jusuf Nurkić
Queued: Royce O'Neale
Queued: Josh Okogie
Queued: Onyeka Okongwu
Queued: Isaac Okoro
Queued: Lachlan Olbrich
Queued: Kelly Olynyk
Queued: Kelly Oubre Jr.
Queued: Chris Paul
Queued: Gary Payton II
Queued: Micah Peavy
Queued: Noah Penda
Queued: Taelon Peter
Queued: Drew Peterson
Queued: Julian Phillips
Queued: Jalen Pickett
Queued: Scotty Pippen Jr.
Queued: Daeqwon Plowden
Queued: Mason Plumlee
Queued: Brandin Podziemski
Queued: Jakob Poeltl
Queued: Jordan Poole
Queued: Craig Porter Jr.
Queued: Kevin Porter Jr.
Queued: Michael Porter Jr.
Queued: Bobby Portis
Queued: Kristaps Porziņģis
Queued: Quinten Post
Queued: Drake Powell
Queued: Dwight Powell
Queued: Norman Powell
Queued: Taurean Prince
Queued: Payton Pritchard
Queued: Tyrese Proctor
Queued: Olivier-Maxence Prosper
Queued: Derik Queen
Queued: Neemias Queta
Queued: Immanuel Quickley
Queued: Julius Randle
Queued: Maxime Raynaud
Queued: Duop Reath
Queued: Austin Reaves
Queued: Paul Reed
Queued: Antonio Reeves
Queued: Naz Reid
Queued: Will Richard
Queued: Nick Richards
Queued: Jase Richardson
Queued: Will Riley
Queued: Zaccharie Risacher
Queued: Duncan Robinson
Queued: Mitchell Robinson
Queued: Orlando Robinson
Queued: Jeremiah Robinson-Earl
Queued: Ryan Rollins
Queued: Jackson Rowe
Queued: Terry Rozier
Queued: Rayan Rupert
Queued: D'Angelo Russell
Queued: Domantas Sabonis
Queued: Tidjane Salaün
Queued: Hunter Sallis
Queued: Kobe Sanders
Queued: Gui Santos
Queued: Ben Saraf
Queued: Alex Sarr
Queued: Marcus Sasser
Queued: Baylor Scheierman
Queued: Dennis Schröder
Queued: Mark Sears
Queued: Alperen Sengun
Queued: Brice Sensabaugh
Queued: Collin Sexton
Queued: Landry Shamet
Queued: Terrence Shannon Jr.
Queued: Day'Ron Sharpe
Queued: Shaedon Sharpe
Queued: Jamal Shead
Queued: Ben Sheppard
Queued: Reed Sheppard
Queued: Max Shulga
Queued: Pascal Siakam
Queued: Anfernee Simons
Queued: KJ Simpson
Queued: Jericho Sims
Queued: Javon Small
Queued: Marcus Smart
Queued: Dru Smith
Queued: Jalen Smith
Queued: Tolu Smith
Queued: Jabari Smith Jr.
Queued: Nick Smith Jr.
Queued: Jeremy Sochan
Queued: Thomas Sorber
Queued: Cam Spencer
Queued: Pat Spencer
Queued: Isaiah Stevens
Queued: Isaiah Stewart
Queued: Julian Strawther
Queued: Max Strus
Queued: Jalen Suggs
Queued: Jae'Sean Tate
Queued: Jayson Tatum
Queued: Jahmyl Telfort
Queued: Garrett Temple
Queued: Dalen Terry
Queued: Adou Thiero
Queued: Cam Thomas
Queued: Amen Thompson
Queued: Ausar Thompson
Queued: Klay Thompson
Queued: Matisse Thybulle
Queued: Xavier Tillman
Queued: Nae'Qwan Tomlin
Queued: John Tonje
Queued: Alex Toohey
Queued: Nikola Topić
Queued: Jacob Toppin
Queued: Obi Toppin
Queued: Karl-Anthony Towns
Queued: Nolan Traore
Queued: Luke Travers
Queued: Gary Trent Jr.
Queued: Oscar Tshiebwe
Queued: Myles Turner
Queued: Hunter Tyson
Queued: Jaylon Tyson
Queued: Jonas Valančiūnas
Queued: Fred VanVleet
Queued: Jarred Vanderbilt
Queued: Devin Vassell
Queued: Gabe Vincent
Queued: Tristan Vukcevic
Queued: Nikola Vučević
Queued: Dean Wade
Queued: Franz Wagner
Queued: Moritz Wagner
Queued: Jabari Walker
Queued: Jarace Walker
Queued: Cason Wallace
Queued: Keaton Wallace
Queued: Jordan Walsh
Queued: Ja'Kobe Walter
Queued: Kel'el Ware
Queued: P.J. Washington
Queued: Lindy Waters III
Queued: Trendon Watford
Queued: Jamir Watkins
Queued: Peyton Watson
Queued: Jaylen Wells
Queued: Victor Wembanyama
Queued: Blake Wesley
Queued: Russell Westbrook
Queued: Coby White
Queued: Derrick White
Queued: Cam Whitmore
Queued: Aaron Wiggins
Queued: Andrew Wiggins
Queued: Amari Williams
Queued: Brandon Williams
Queued: Cody Williams
Queued: Grant Williams
Queued: Jalen Williams
Queued: Jaylin Williams
Queued: Kenrich Williams
Queued: Mark Williams
Queued: Patrick Williams
Queued: Ziaire Williams
Queued: Robert Williams III
Queued: Vince Williams Jr.
Queued: Zion Williamson
Queued: Jalen Wilson
Queued: James Wiseman
Queued: Danny Wolf
Queued: Guerschon Yabusele
Queued: Yang Hansen
Queued: Jahmir Young
Queued: Trae Young
Queued: Chris Youngblood
Queued: Rocco Zikarsky
Queued: Ivica Zubac
Queued: Tristan da Silva
Queued: Nikola Đurišić
Queued: Dario Šarić
Queued: Taran Armstrong
Queued: Marcus Bagley
Queued: Dalano Banton
Queued: Emoni Bates
Queued: Damion Baugh
Queued: Malik Beasley
Queued: Reece Beekman
Queued: Bol Bol
Queued: Brandon Boston
Queued: Jalen Bridges
Queued: Oshae Brissett
Queued: Malcolm Brogdon
Queued: Keion Brooks Jr.
Queued: Moses Brown
Queued: Alec Burks
Queued: Jared Butler
Queued: D.J. Carton
Queued: Ulrich Chomche
Queued: Josh Christopher
Queued: Yuri Collins
Queued: Ricky Council IV
Queued: Torrey Craig
Queued: Jae Crowder
Queued: Cui Cui
Queued: Johnny Davis
Queued: Terence Davis
Queued: Spencer Dinwiddie
Queued: Jeff Dowtin Jr.
Queued: PJ Dozier
Queued: Chris Duarte
Queued: Alex Ducas
Queued: David Duke Jr.
Queued: Jesse Edwards
Queued: Kessler Edwards
Queued: Bruno Fernando
Queued: Adam Flagler
Queued: Malachi Flynn
Queued: Markelle Fultz
Queued: Marcus Garrett
Queued: Jazian Gortman
Queued: Richaun Holmes
Queued: Jalen Hood-Schifino
Queued: Talen Horton-Tucker
Queued: Reggie Jackson
Queued: DaQuan Jeffries
Queued: James Johnson
Queued: Keon Johnson
Queued: Kai Jones
Queued: Mason Jones
Queued: Cory Joseph
Queued: Kylor Kelley
Queued: Braxton Key
Queued: Kevin Knox II
Queued: Damion Lee
Queued: Alex Len
Queued: Maxwell Lewis
Queued: Seth Lundy
Queued: Trey Lyles
Queued: Jaylen Martin
Queued: KJ Martin
Queued: Garrison Mathews
Queued: Jalen McDaniels
Queued: Jack McVeigh
Queued: Vasilije Micic
Queued: Patty Mills
Queued: Shake Milton
Queued: Justin Minaya
Queued: Isaiah Mobley
Queued: Taze Moore
Queued: Markieff Morris
Queued: Tristen Newton
Queued: Daishen Nix
Queued: Miles Norris
Queued: Jaylen Nowell
Queued: Jahlil Okafor
Queued: Chuma Okeke
Queued: Quincy Olivari
Queued: Elfrid Payton
Queued: Trevelin Queen
Queued: Lester Quinones
Queued: Cam Reddish
Queued: Alex Reese
Queued: Jared Rhoden
Queued: Josh Richardson
Queued: Liam Robbins
Queued: Matt Ryan
Queued: Adama Sanogo
Queued: Ben Simmons
Queued: Jaylen Sims
Queued: Jaden Springer
Queued: Lamar Stevens
Queued: Cole Swider
Queued: Terry Taylor
Queued: Daniel Theis
Queued: Tristan Thompson
Queued: JT Thor
Queued: Armel Traore
Queued: P.J. Tucker
Queued: Stanley Umude
Queued: Lonnie Walker IV
Queued: Anton Watson
Queued: Phillip Wheeler
Queued: Isaiah Wong
Queued: Delon Wright
Queued: Vlatko Čančar
----- DONE -----
Total tracked players: 635
Queued: 616
Skipped (complete cache or already queued): 19
MongoDB (primary) connected on attempt 1.
MongoDB (stats) connected on attempt 1.
Worker started.
Fetching player_id: 1630173
Stored: 1630173
Fetching player_id: 203500
Stored: 203500
Fetching player_id: 1628389
Stored: 1628389
Fetching player_id: 1630534
Stored: 1630534
Fetching player_id: 1630583
Stored: 1630583
Fetching player_id: 1641725
Stored: 1641725
Fetching player_id: 1629638
Stored: 1629638
Fetching player_id: 1628960
Stored: 1628960
Fetching player_id: 1628386
Stored: 1628386
Fetching player_id: 1630631
Stored: 1630631
Fetching player_id: 203937
Stored: 203937
Fetching player_id: 1630828
Stored: 1630828
Fetching player_id: 203507
Stored: 203507
Fetching player_id: 203648
Stored: 203648
Fetching player_id: 1630175
Stored: 1630175
Fetching player_id: 1628384
Stored: 1628384
Fetching player_id: 1630166
Stored: 1630166
Fetching player_id: 1629028
Stored: 1629028
Fetching player_id: 1628963
Stored: 1628963
Fetching player_id: 1642846
Stored: 1642846
Fetching player_id: 1630163
Fetch failed: HTTPSConnectionPool(host='stats.nba.com', port=443): Read timed out. (read timeout=60)
Fetching player_id: 1628366
Fetch failed: HTTPSConnectionPool(host='stats.nba.com', port=443): Read timed out. (read timeout=60)
Fetching player_id: 1631094
Fetch failed: HTTPSConnectionPool(host='stats.nba.com', port=443): Read timed out. (read timeout=60)
Fetching player_id: 1630217
Stored: 1630217
Fetching player_id: 1631230
Stored: 1631230
Fetching player_id: 203084
Stored: 203084
Fetching player_id: 1630567
Stored: 1630567
Fetching player_id: 1642964
Stored: 1642964
Fetching player_id: 1629628
Stored: 1629628
Fetching player_id: 1629646
Stored: 1629646
Fetching player_id: 1642926
Fetch failed: 404: Career stats unavailable
Fetching player_id: 1642419
Stored: 1642419
Fetching player_id: 201587
Stored: 201587
Fetching player_id: 203078
Stored: 203078
Fetching player_id: 1642866
Stored: 1642866
Fetching player_id: 1630180
Stored: 1630180
Fetching player_id: 1629048
Stored: 1629048
Fetching player_id: 202687
Fetch failed: HTTPSConnectionPool(host='stats.nba.com', port=443): Read timed out. (read timeout=60)
Fetching player_id: 1641710
Fetch failed: HTTPSConnectionPool(host='stats.nba.com', port=443): Read timed out. (read timeout=60)
Fetching player_id: 203992
Fetch failed: HTTPSConnectionPool(host='stats.nba.com', port=443): Read timed out. (read timeout=60)
Fetching player_id: 1630163
Stored: 1630163
Fetching player_id: 1628366
Stored: 1628366
Fetching player_id: 1641737
Stored: 1641737
Fetching player_id: 1626164
Stored: 1626164
Fetching player_id: 1628449
Stored: 1628449
Fetching player_id: 1628396
Stored: 1628396
Fetching player_id: 1631103
Stored: 1631103
Fetching player_id: 1631128
Stored: 1631128
Fetching player_id: 1642886
Stored: 1642886
Fetching player_id: 1628969
Stored: 1628969
Processed 50 players this run.
/home/dxle/dev/coding-in-class/spring2026/4800CS/netric/backend/nba.py:130: UserWarning: Could not infer format, so each element will be parsed individually, falling back to `dateutil`. To ensure parsing is consistent and as-expected, please specify a format.
  prepared_log["GAME_DATE"] = pd.to_datetime(prepared_log["GAME_DATE"], errors="coerce")
MongoDB (primary) connected on attempt 1.
MongoDB (stats) connected on attempt 1.
Worker started.
Fetching player_id: 1628970
Stored: 1628970
Fetching player_id: 1628415
Stored: 1628415
Fetching player_id: 1641780
Stored: 1641780
Fetching player_id: 1628971
Stored: 1628971
Fetching player_id: 1627759
Stored: 1627759
Fetching player_id: 1641738
Stored: 1641738
Fetching player_id: 1628973
Stored: 1628973
Fetching player_id: 1631094
Stored: 1631094
Fetching player_id: 1642868
Stored: 1642868
Fetching player_id: 1628418
Stored: 1628418
Fetching player_id: 202710
Stored: 202710
Fetching player_id: 1641824
Fetch failed: HTTPSConnectionPool(host='stats.nba.com', port=443): Read timed out. (read timeout=60)
Fetching player_id: 1642926
Fetch failed: HTTPSConnectionPool(host='stats.nba.com', port=443): Read timed out. (read timeout=60)
Fetching player_id: 202687
Fetch failed: HTTPSConnectionPool(host='stats.nba.com', port=443): Read timed out. (read timeout=60)
Fetching player_id: 1641710
Stored: 1641710
Fetching player_id: 1631288
Stored: 1631288
Fetching player_id: 203484
Stored: 203484
Fetching player_id: 1641739
Stored: 1641739
Fetching player_id: 203991
Stored: 203991
Fetching player_id: 1642928
Stored: 1642928
Fetching player_id: 1642382
Stored: 1642382
Fetching player_id: 1642267
Stored: 1642267
Fetching player_id: 1642269
Stored: 1642269
Fetching player_id: 203992
Stored: 203992
Fetching player_id: 1628975
Stored: 1628975
Fetching player_id: 1628976
Fetch failed: HTTPSConnectionPool(host='stats.nba.com', port=443): Read timed out. (read timeout=60)
Fetching player_id: 1627936
Fetch failed: HTTPSConnectionPool(host='stats.nba.com', port=443): Read timed out. (read timeout=60)
Fetching player_id: 1642264
Fetch failed: HTTPSConnectionPool(host='stats.nba.com', port=443): Read timed out. (read timeout=60)
Fetching player_id: 1641824
Stored: 1641824
Fetching player_id: 1642926
Fetch failed: 404: Career stats unavailable
Fetching player_id: 1630658
Stored: 1630658
Fetching player_id: 1630577
Stored: 1630577
Fetching player_id: 1630551
Stored: 1630551
Fetching player_id: 1642353
Stored: 1642353
Fetching player_id: 1631108
Stored: 1631108
Fetching player_id: 1630619
Stored: 1630619
Fetching player_id: 1631321
Stored: 1631321
Fetching player_id: 1641740
Stored: 1641740
Fetching player_id: 1629634
Stored: 1629634
Fetching player_id: 203903
Stored: 203903
Fetching player_id: 1629651
Fetch failed: HTTPSConnectionPool(host='stats.nba.com', port=443): Read timed out. (read timeout=60)
Fetching player_id: 202687
Fetch failed: HTTPSConnectionPool(host='stats.nba.com', port=443): Read timed out. (read timeout=60)
Fetching player_id: 1642383
Fetch failed: HTTPSConnectionPool(host='stats.nba.com', port=443): Read timed out. (read timeout=60)
Fetching player_id: 1628976
Stored: 1628976
Fetching player_id: 1627936
Stored: 1627936
Fetching player_id: 1642363
Stored: 1642363
Fetching player_id: 1642270
Stored: 1642270
Fetching player_id: 1641730
Stored: 1641730
Fetching player_id: 1629599
Stored: 1629599
Fetching player_id: 1642268
Fetch failed: HTTPSConnectionPool(host='stats.nba.com', port=443): Read timed out. (read timeout=60)
Processed 50 players this run.
